2020-12-02 16:26:13,110 INFO [restartedMain] c.n.c.CommunityApplication [StartupInfoLogger.java:50] Starting CommunityApplication on LAPTOP-N0RKGVAP with PID 19168 (C:\QMDownload\community\target\classes started by 斯坦 in C:\QMDownload\community)
2020-12-02 16:26:13,122 INFO [restartedMain] c.n.c.CommunityApplication [SpringApplication.java:675] No active profile set, falling back to default profiles: default
2020-12-02 16:26:13,222 INFO [restartedMain] o.s.b.d.e.DevToolsPropertyDefaultsPostProcessor [DeferredLog.java:227] Devtools property defaults active! Set 'spring.devtools.add-properties' to 'false' to disable
2020-12-02 16:26:13,223 INFO [restartedMain] o.s.b.d.e.DevToolsPropertyDefaultsPostProcessor [DeferredLog.java:227] For additional web related logging consider setting the 'logging.level.web' property to 'DEBUG'
2020-12-02 16:26:16,097 INFO [restartedMain] o.s.b.w.e.t.TomcatWebServer [TomcatWebServer.java:90] Tomcat initialized with port(s): 8080 (http)
2020-12-02 16:26:16,136 INFO [restartedMain] o.a.c.h.Http11NioProtocol [DirectJDKLog.java:173] Initializing ProtocolHandler ["http-nio-8080"]
2020-12-02 16:26:16,160 INFO [restartedMain] o.a.c.c.StandardService [DirectJDKLog.java:173] Starting service [Tomcat]
2020-12-02 16:26:16,161 INFO [restartedMain] o.a.c.c.StandardEngine [DirectJDKLog.java:173] Starting Servlet engine: [Apache Tomcat/9.0.19]
2020-12-02 16:26:16,175 INFO [restartedMain] o.a.c.c.AprLifecycleListener [DirectJDKLog.java:173] Loaded APR based Apache Tomcat Native library [1.2.24] using APR version [1.7.0].
2020-12-02 16:26:16,175 INFO [restartedMain] o.a.c.c.AprLifecycleListener [DirectJDKLog.java:173] APR capabilities: IPv6 [true], sendfile [true], accept filters [false], random [true].
2020-12-02 16:26:16,176 INFO [restartedMain] o.a.c.c.AprLifecycleListener [DirectJDKLog.java:173] APR/OpenSSL configuration: useAprConnector [false], useOpenSSL [true]
2020-12-02 16:26:16,187 INFO [restartedMain] o.a.c.c.AprLifecycleListener [DirectJDKLog.java:173] OpenSSL successfully initialized [OpenSSL 1.1.1g  21 Apr 2020]
2020-12-02 16:26:16,447 INFO [restartedMain] o.a.c.c.C.[.[.[/community] [DirectJDKLog.java:173] Initializing Spring embedded WebApplicationContext
2020-12-02 16:26:16,447 INFO [restartedMain] o.s.w.c.ContextLoader [ServletWebServerApplicationContext.java:296] Root WebApplicationContext: initialization completed in 3223 ms
2020-12-02 16:26:17,238 INFO [restartedMain] o.s.s.c.ThreadPoolTaskExecutor [ExecutorConfigurationSupport.java:171] Initializing ExecutorService 'applicationTaskExecutor'
2020-12-02 16:26:17,445 INFO [restartedMain] o.s.b.a.w.s.WelcomePageHandlerMapping [WelcomePageHandlerMapping.java:61] Adding welcome page template: index
2020-12-02 16:26:17,712 INFO [restartedMain] o.s.b.d.a.OptionalLiveReloadServer [OptionalLiveReloadServer.java:57] LiveReload server is running on port 35729
2020-12-02 16:26:17,754 INFO [restartedMain] o.a.c.h.Http11NioProtocol [DirectJDKLog.java:173] Starting ProtocolHandler ["http-nio-8080"]
2020-12-02 16:26:17,796 INFO [restartedMain] o.s.b.w.e.t.TomcatWebServer [TomcatWebServer.java:204] Tomcat started on port(s): 8080 (http) with context path '/community'
2020-12-02 16:26:17,802 INFO [restartedMain] c.n.c.CommunityApplication [StartupInfoLogger.java:59] Started CommunityApplication in 5.762 seconds (JVM running for 8.897)
2020-12-02 16:26:55,628 INFO [main] c.n.c.MapperTests [StartupInfoLogger.java:50] Starting MapperTests on LAPTOP-N0RKGVAP with PID 21784 (started by 斯坦 in C:\QMDownload\community)
2020-12-02 16:26:55,642 INFO [main] c.n.c.MapperTests [SpringApplication.java:675] No active profile set, falling back to default profiles: default
2020-12-02 16:27:01,876 INFO [main] o.s.s.c.ThreadPoolTaskExecutor [ExecutorConfigurationSupport.java:171] Initializing ExecutorService 'applicationTaskExecutor'
2020-12-02 16:27:02,810 INFO [main] o.s.b.a.w.s.WelcomePageHandlerMapping [WelcomePageHandlerMapping.java:61] Adding welcome page template: index
2020-12-02 16:27:03,640 INFO [main] c.n.c.MapperTests [StartupInfoLogger.java:59] Started MapperTests in 9.308 seconds (JVM running for 11.876)
2020-12-02 16:27:04,873 INFO [main] c.z.h.HikariDataSource [HikariDataSource.java:110] HikariPool-1 - Starting...
2020-12-02 16:27:05,297 INFO [main] c.z.h.HikariDataSource [HikariDataSource.java:123] HikariPool-1 - Start completed.
2020-12-02 16:27:05,543 INFO [Thread-2] o.s.s.c.ThreadPoolTaskExecutor [ExecutorConfigurationSupport.java:208] Shutting down ExecutorService 'applicationTaskExecutor'
2020-12-02 16:27:05,546 INFO [Thread-2] c.z.h.HikariDataSource [HikariDataSource.java:350] HikariPool-1 - Shutdown initiated...
2020-12-02 16:27:05,575 INFO [Thread-2] c.z.h.HikariDataSource [HikariDataSource.java:352] HikariPool-1 - Shutdown completed.
